DEBUG 2025-01-04 10:40:36,509 utils 40792 45764 (0.000) SELECT "api_game"."id", "api_game"."uuid", "api_game"."createdAt", "api_game"."updatedAt", "api_game"."name", "api_game"."difficulty", "api_game"."gameState", "api_game"."board" FROM "api_game" WHERE "api_game"."uuid" = '768c56e504214dcf87ac7fb3b587a997' LIMIT 21; args=('768c56e504214dcf87ac7fb3b587a997',); alias=default
DEBUG 2025-01-04 10:40:49,678 utils 40792 49148 (0.000) SELECT "api_game"."id", "api_game"."uuid", "api_game"."createdAt", "api_game"."updatedAt", "api_game"."name", "api_game"."difficulty", "api_game"."gameState", "api_game"."board" FROM "api_game" WHERE "api_game"."uuid" = '768c56e504214dcf87ac7fb3b587a997' LIMIT 21; args=('768c56e504214dcf87ac7fb3b587a997',); alias=default
DEBUG 2025-01-04 10:52:21,474 utils 47712 21164 (0.000) 
            SELECT name, type FROM sqlite_master
            WHERE type in ('table', 'view') AND NOT name='sqlite_sequence'
            ORDER BY name; args=None; alias=default
DEBUG 2025-01-04 10:52:21,476 utils 47712 21164 (0.000) SELECT "django_migrations"."id", "django_migrations"."app", "django_migrations"."name", "django_migrations"."applied" FROM "django_migrations"; args=(); alias=default
DEBUG 2025-01-04 10:52:28,411 utils 43964 35300 (0.000) 
            SELECT name, type FROM sqlite_master
            WHERE type in ('table', 'view') AND NOT name='sqlite_sequence'
            ORDER BY name; args=None; alias=default
DEBUG 2025-01-04 10:52:28,414 utils 43964 35300 (0.000) SELECT "django_migrations"."id", "django_migrations"."app", "django_migrations"."name", "django_migrations"."applied" FROM "django_migrations"; args=(); alias=default
DEBUG 2025-01-04 10:53:44,407 utils 22324 17204 (0.000) 
            SELECT name, type FROM sqlite_master
            WHERE type in ('table', 'view') AND NOT name='sqlite_sequence'
            ORDER BY name; args=None; alias=default
DEBUG 2025-01-04 10:53:44,409 utils 22324 17204 (0.000) SELECT "django_migrations"."id", "django_migrations"."app", "django_migrations"."name", "django_migrations"."applied" FROM "django_migrations"; args=(); alias=default
DEBUG 2025-01-04 10:54:15,815 utils 48780 39940 (0.000) 
            SELECT name, type FROM sqlite_master
            WHERE type in ('table', 'view') AND NOT name='sqlite_sequence'
            ORDER BY name; args=None; alias=default
DEBUG 2025-01-04 10:54:15,817 utils 48780 39940 (0.000) SELECT "django_migrations"."id", "django_migrations"."app", "django_migrations"."name", "django_migrations"."applied" FROM "django_migrations"; args=(); alias=default
DEBUG 2025-01-04 10:57:58,447 utils 35324 46792 (0.000) 
            SELECT name, type FROM sqlite_master
            WHERE type in ('table', 'view') AND NOT name='sqlite_sequence'
            ORDER BY name; args=None; alias=default
DEBUG 2025-01-04 10:57:58,449 utils 35324 46792 (0.000) SELECT "django_migrations"."id", "django_migrations"."app", "django_migrations"."name", "django_migrations"."applied" FROM "django_migrations"; args=(); alias=default
DEBUG 2025-01-04 10:58:08,612 utils 49144 29780 (0.000) 
            SELECT name, type FROM sqlite_master
            WHERE type in ('table', 'view') AND NOT name='sqlite_sequence'
            ORDER BY name; args=None; alias=default
DEBUG 2025-01-04 10:58:08,615 utils 49144 29780 (0.000) SELECT "django_migrations"."id", "django_migrations"."app", "django_migrations"."name", "django_migrations"."applied" FROM "django_migrations"; args=(); alias=default
DEBUG 2025-01-04 10:58:45,423 utils 3272 37668 (0.000) 
            SELECT name, type FROM sqlite_master
            WHERE type in ('table', 'view') AND NOT name='sqlite_sequence'
            ORDER BY name; args=None; alias=default
DEBUG 2025-01-04 10:58:45,426 utils 3272 37668 (0.000) SELECT "django_migrations"."id", "django_migrations"."app", "django_migrations"."name", "django_migrations"."applied" FROM "django_migrations"; args=(); alias=default
DEBUG 2025-01-04 10:58:57,655 utils 43712 49104 (0.000) 
            SELECT name, type FROM sqlite_master
            WHERE type in ('table', 'view') AND NOT name='sqlite_sequence'
            ORDER BY name; args=None; alias=default
DEBUG 2025-01-04 10:58:57,657 utils 43712 49104 (0.000) SELECT "django_migrations"."id", "django_migrations"."app", "django_migrations"."name", "django_migrations"."applied" FROM "django_migrations"; args=(); alias=default
DEBUG 2025-01-04 11:00:04,242 utils 44472 6592 (0.000) 
            SELECT name, type FROM sqlite_master
            WHERE type in ('table', 'view') AND NOT name='sqlite_sequence'
            ORDER BY name; args=None; alias=default
DEBUG 2025-01-04 11:00:04,245 utils 44472 6592 (0.000) SELECT "django_migrations"."id", "django_migrations"."app", "django_migrations"."name", "django_migrations"."applied" FROM "django_migrations"; args=(); alias=default
DEBUG 2025-01-04 11:00:07,884 utils 35352 47888 (0.000) 
            SELECT name, type FROM sqlite_master
            WHERE type in ('table', 'view') AND NOT name='sqlite_sequence'
            ORDER BY name; args=None; alias=default
DEBUG 2025-01-04 11:00:07,886 utils 35352 47888 (0.000) SELECT "django_migrations"."id", "django_migrations"."app", "django_migrations"."name", "django_migrations"."applied" FROM "django_migrations"; args=(); alias=default
DEBUG 2025-01-04 11:00:25,547 utils 34316 38004 (0.000) 
            SELECT name, type FROM sqlite_master
            WHERE type in ('table', 'view') AND NOT name='sqlite_sequence'
            ORDER BY name; args=None; alias=default
DEBUG 2025-01-04 11:00:25,548 utils 34316 38004 (0.000) SELECT "django_migrations"."id", "django_migrations"."app", "django_migrations"."name", "django_migrations"."applied" FROM "django_migrations"; args=(); alias=default
DEBUG 2025-01-04 11:00:31,318 utils 11752 7952 (0.000) 
            SELECT name, type FROM sqlite_master
            WHERE type in ('table', 'view') AND NOT name='sqlite_sequence'
            ORDER BY name; args=None; alias=default
DEBUG 2025-01-04 11:00:31,321 utils 11752 7952 (0.000) SELECT "django_migrations"."id", "django_migrations"."app", "django_migrations"."name", "django_migrations"."applied" FROM "django_migrations"; args=(); alias=default
DEBUG 2025-01-04 11:00:33,931 utils 45516 26268 (0.000) 
            SELECT name, type FROM sqlite_master
            WHERE type in ('table', 'view') AND NOT name='sqlite_sequence'
            ORDER BY name; args=None; alias=default
DEBUG 2025-01-04 11:00:33,932 utils 45516 26268 (0.000) SELECT "django_migrations"."id", "django_migrations"."app", "django_migrations"."name", "django_migrations"."applied" FROM "django_migrations"; args=(); alias=default
DEBUG 2025-01-04 11:02:13,671 utils 34172 8844 (0.000) 
            SELECT name, type FROM sqlite_master
            WHERE type in ('table', 'view') AND NOT name='sqlite_sequence'
            ORDER BY name; args=None; alias=default
DEBUG 2025-01-04 11:02:13,673 utils 34172 8844 (0.000) SELECT "django_migrations"."id", "django_migrations"."app", "django_migrations"."name", "django_migrations"."applied" FROM "django_migrations"; args=(); alias=default
DEBUG 2025-01-04 11:02:44,114 utils 31620 1436 (0.000) 
            SELECT name, type FROM sqlite_master
            WHERE type in ('table', 'view') AND NOT name='sqlite_sequence'
            ORDER BY name; args=None; alias=default
DEBUG 2025-01-04 11:02:44,116 utils 31620 1436 (0.000) SELECT "django_migrations"."id", "django_migrations"."app", "django_migrations"."name", "django_migrations"."applied" FROM "django_migrations"; args=(); alias=default
DEBUG 2025-01-04 11:03:12,374 utils 9424 32604 (0.000) 
            SELECT name, type FROM sqlite_master
            WHERE type in ('table', 'view') AND NOT name='sqlite_sequence'
            ORDER BY name; args=None; alias=default
DEBUG 2025-01-04 11:03:12,375 utils 9424 32604 (0.000) SELECT "django_migrations"."id", "django_migrations"."app", "django_migrations"."name", "django_migrations"."applied" FROM "django_migrations"; args=(); alias=default
DEBUG 2025-01-04 11:04:04,899 utils 9424 9800 (0.000) SELECT "api_game"."id", "api_game"."uuid", "api_game"."createdAt", "api_game"."updatedAt", "api_game"."name", "api_game"."difficulty", "api_game"."gameState", "api_game"."board" FROM "api_game"; args=(); alias=default
DEBUG 2025-01-04 11:10:45,832 utils 9424 32852 (0.000) SELECT "api_game"."id", "api_game"."uuid", "api_game"."createdAt", "api_game"."updatedAt", "api_game"."name", "api_game"."difficulty", "api_game"."gameState", "api_game"."board" FROM "api_game"; args=(); alias=default
DEBUG 2025-01-04 11:10:48,485 utils 9424 32852 (0.000) SELECT "api_game"."id", "api_game"."uuid", "api_game"."createdAt", "api_game"."updatedAt", "api_game"."name", "api_game"."difficulty", "api_game"."gameState", "api_game"."board" FROM "api_game"; args=(); alias=default
